<?xml version="1.0" encoding="UTF-8"?>
<testng-results ignored="0" total="1" passed="1" failed="0" skipped="0">
  <reporter-output>
  </reporter-output>
  <suite started-at="2023-10-15T23:45:04 EDT" name="Default suite" finished-at="2023-10-15T23:45:04 EDT" duration-ms="195">
    <groups>
    </groups>
    <test started-at="2023-10-15T23:45:04 EDT" name="Default test" finished-at="2023-10-15T23:45:04 EDT" duration-ms="195">
      <class name="com.GitAbc">
        <test-method signature="git2()[pri:0, instance:com.GitAbc@273e7444]" started-at="2023-10-15T23:45:04 EDT" name="git2" finished-at="2023-10-15T23:45:04 EDT" duration-ms="80" status="PASS">
          <reporter-output>
          </reporter-output>
        </test-method> <!-- git2 -->
      </class> <!-- com.GitAbc -->
    </test> <!-- Default test -->
  </suite> <!-- Default suite -->
</testng-results>
